{
  "0 debug pnpm:scope": {
    "selected": 1
  },
  "1 info pnpm": {
    "err": {
      "name": "Error",
      "message": "not found: insgall",
      "code": "ENOENT",
      "stack": "Error: not found: insgall\n    at getNotFoundError (C:\\Users\\Joel Samuel\\AppData\\Roaming\\npm\\node_modules\\pnpm\\dist\\pnpm.cjs:41688:51)\n    at Function.whichSync [as sync] (C:\\Users\\Joel Samuel\\AppData\\Roaming\\npm\\node_modules\\pnpm\\dist\\pnpm.cjs:41765:13)\n    at getCommandAbsolutePathSync (C:\\Users\\Joel Samuel\\AppData\\Roaming\\npm\\node_modules\\pnpm\\dist\\pnpm.cjs:43330:44)\n    at default_1 (C:\\Users\\Joel Samuel\\AppData\\Roaming\\npm\\node_modules\\pnpm\\dist\\pnpm.cjs:43339:32)\n    at C:\\Users\\Joel Samuel\\AppData\\Roaming\\npm\\node_modules\\pnpm\\dist\\pnpm.cjs:172190:39"
    }
  },
  "2 error pnpm": {
    "code": "ERR_PNPM_RECURSIVE_EXEC_FIRST_FAIL",
    "prefix": "C:\\Users\\Joel Samuel\\Desktop\\stepup\\login",
    "err": {
      "name": "pnpm",
      "message": "not found: insgall",
      "code": "ERR_PNPM_RECURSIVE_EXEC_FIRST_FAIL",
      "stack": "Error: not found: insgall\n    at getNotFoundError (C:\\Users\\Joel Samuel\\AppData\\Roaming\\npm\\node_modules\\pnpm\\dist\\pnpm.cjs:41688:51)\n    at Function.whichSync [as sync] (C:\\Users\\Joel Samuel\\AppData\\Roaming\\npm\\node_modules\\pnpm\\dist\\pnpm.cjs:41765:13)\n    at getCommandAbsolutePathSync (C:\\Users\\Joel Samuel\\AppData\\Roaming\\npm\\node_modules\\pnpm\\dist\\pnpm.cjs:43330:44)\n    at default_1 (C:\\Users\\Joel Samuel\\AppData\\Roaming\\npm\\node_modules\\pnpm\\dist\\pnpm.cjs:43339:32)\n    at C:\\Users\\Joel Samuel\\AppData\\Roaming\\npm\\node_modules\\pnpm\\dist\\pnpm.cjs:172190:39"
    }
  }
}